Report Physical info: 
------------------------+-------------+-----------+------------
                        |             |Area (squm)|Leakage (uW)
------------------------+-------------+-----------+------------
Design Name             |integ        |           |            
  Total Instances       |           58|        108|       2.125
    Macros              |            0|          0|       0.000
    Pads                |            0|          0|       0.000
    Phys                |            0|          0|       0.000
    Blackboxes          |            0|          0|       0.000
    Cells               |           58|        108|       2.125
      Buffers           |            0|          0|       0.000
      Inverters         |           11|          6|       0.158
      Clock-Gates       |            0|          0|       0.000
      Combinational     |           34|         43|       0.939
      Latches           |            0|          0|       0.000
      FlipFlops         |           13|         59|       1.028
       Single-Bit FF    |           13|         59|       1.028
       Multi-Bit FF     |            0|          0|       0.000
       Clock-Gated      |            0|           |            
       Bits             |           13|         59|       1.028
         Load-Enabled   |            0|           |            
         Clock-Gated    |            0|           |            
  Tristate Pin Count    |            0|           |            
Physical Info           |Placed       |           |            
  Chip Size (mm x mm)   |0.073 x 0.073|       5387|            
  Fixed Cell Area       |             |          0|            
    Phys Only           |            0|          0|            
  Placeable Area        |             |        168|            
  Movable Cell Area     |             |        108|            
  Utilization (%)       |           64|           |            
  Chip Utilization (%)  |           64|           |            
  Total Wire Length (mm)|        0.813|           |            
  Longest Wire (mm)     |        0.037|           |            
  Average Wire (mm)     |        0.037|           |            
------------------------+-------------+-----------+------------
