warning: No library characterized for (process = 1.00 voltage = 0.85 temperature = 25.00) can be found in the database for power domain '/PD_TOP'  [NL-174]
Report Power (instances with prefix '*' are included in total) : 
-----+---------------+--------------------+---------------------+-------------------+-----------------
     | Instance      | Internal Power(uw) | Switching Power(uw) | Leakage Power(uw) | Total Power(uw) 
-----+---------------+--------------------+---------------------+-------------------+-----------------
1    |*display_reg[2]|            1.017321|             1.065969|           0.079112|         2.162403
2    |*display_reg[1]|            1.171887|             1.228772|           0.079112|         2.479770
3    |*display_reg[0]|            1.094548|             1.146889|           0.079112|         2.320550
4    |*out_reg[5]    |            0.481899|             0.506161|           0.079112|         1.067173
5    |*out_reg[4]    |            0.536204|             0.563587|           0.079112|         1.178903
6    |*out_reg[3]    |            0.373647|             0.392105|           0.079112|         0.844865
7    |*out_reg[2]    |            0.254394|             0.266777|           0.079112|         0.600284
8    |*out_reg[1]    |            0.431341|             0.452610|           0.079112|         0.963063
9    |*out_reg[0]    |            0.487849|             0.512256|           0.079112|         1.079217
10   |*State_reg[3]  |            1.590016|             4.327677|           0.079112|         5.996806
11   |*State_reg[2]  |            1.533288|             4.547508|           0.079112|         6.159908
12   |*State_reg[1]  |            1.533376|             5.213360|           0.079112|         6.825849
13   |*State_reg[0]  |            1.533122|             3.287724|           0.079112|         4.899959
14   |*i_0_0_0       |            0.231137|             0.000000|           0.014353|         0.245491
15   |*i_0_1_0       |            1.003832|             3.762467|           0.061230|         4.827528
16   |*i_0_1_1       |            0.837922|             3.290584|           0.061230|         4.189735
17   |*i_0_1_2       |            0.333977|             0.252554|           0.021200|         0.607730
18   |*i_0_1_3       |            0.202197|             0.157292|           0.021200|         0.380689
19   |*i_0_1_4       |            0.159383|             0.121945|           0.021200|         0.302528
20   |*i_0_1_5       |            0.599017|             0.227311|           0.041741|         0.868069
21   |*i_0_1_6       |            0.481482|             2.703032|           0.022619|         3.207134
22   |*i_0_1_7       |            1.123045|             0.120256|           0.024415|         1.267715
23   |*i_0_1_8       |            0.147491|             0.136894|           0.025066|         0.309452
24   |*i_0_1_9       |            0.307589|             0.167955|           0.043178|         0.518722
25   |*i_0_1_10      |            1.033592|             0.112393|           0.024415|         1.170399
26   |*i_0_1_11      |            0.043416|             0.100827|           0.014353|         0.158596
27   |*i_0_1_12      |            0.077926|             0.566505|           0.022039|         0.666470
28   |*i_0_1_13      |            0.425653|             0.663996|           0.022619|         1.112269
29   |*i_0_1_14      |            0.633542|             1.155267|           0.022695|         1.811505
30   |*i_0_1_15      |            0.369737|             0.992176|           0.018105|         1.380017
31   |*i_0_1_16      |            0.091270|             0.133762|           0.025066|         0.250098
32   |*i_0_1_17      |            0.118813|             0.102434|           0.034026|         0.255273
33   |*i_0_1_18      |            0.144939|             0.391718|           0.018105|         0.554761
34   |*i_0_1_19      |            0.217774|             0.664242|           0.014353|         0.896370
35   |*i_0_1_20      |            0.699137|             4.085332|           0.036164|         4.820633
36   |*i_0_1_21      |            0.843845|             0.089680|           0.024415|         0.957940
37   |*i_0_1_22      |            0.081929|             0.075654|           0.025066|         0.182649
38   |*i_0_1_23      |            0.129052|             0.093788|           0.034026|         0.256865
39   |*i_0_1_24      |            0.314056|             0.678679|           0.017393|         1.010127
40   |*i_0_1_25      |            0.033313|             0.069908|           0.018127|         0.121347
41   |*i_0_1_26      |            0.282393|             0.131529|           0.032601|         0.446524
42   |*i_0_1_27      |            4.078188|             0.951932|           0.026481|         5.056602
43   |*i_0_1_28      |            2.648574|             0.396736|           0.024415|         3.069725
44   |*i_0_1_29      |            0.282228|             0.149148|           0.032601|         0.463977
45   |*i_0_1_30      |            0.146516|             1.247909|           0.017393|         1.411818
46   |*i_0_1_31      |            0.447589|             1.357919|           0.022619|         1.828127
47   |*i_0_1_32      |            0.166983|             1.374667|           0.017393|         1.559043
48   |*i_0_1_33      |            0.332529|             1.358852|           0.021200|         1.712580
49   |*i_0_1_34      |            2.067851|             0.549449|           0.032601|         2.649901
50   |*i_0_1_35      |            2.703108|             0.609237|           0.026481|         3.338826
51   |*i_0_1_36      |            0.522906|             0.565871|           0.014353|         1.103130
52   |*i_0_1_37      |            0.012054|             0.024135|           0.014353|         0.050542
53   |*i_0_1_38      |            0.619871|             0.670803|           0.014353|         1.305028
54   |*i_0_1_39      |            1.028024|             1.472222|           0.014353|         2.514599
55   |*i_0_1_40      |            0.170622|             1.074713|           0.014353|         1.259688
56   |*i_0_1_41      |            0.170642|             0.912741|           0.014353|         1.097735
57   |*i_0_1_42      |            0.176637|             2.530396|           0.014353|         2.721385
58   |*i_0_1_43      |            0.699181|             8.184460|           0.014353|         8.897994
59   |               |                    |                     |                   |                 
60   |*TOTAL         |           39.279842|            67.990768|           2.125470|       109.396080
-----+---------------+--------------------+---------------------+-------------------+-----------------
