Report End Points: 
-----+-------+------+-------+------+-----+-----+------+--------------+----------------
     |Group  |Launch|Capture|Shift |Delay|Depth|Slack |Begin Point   |End Point       
-----+-------+------+-------+------+-----+-----+------+--------------+----------------
1    |default|sysclk|sysclk |1500.0|252.2|    4|1060.9|State_reg[0]/Q|display_reg[0]/D
2    |default|sysclk|sysclk |1500.0|224.9|    4|1088.2|State_reg[1]/Q|State_reg[2]/D  
3    |default|sysclk|sysclk |1500.0|214.6|    4|1090.9|State_reg[1]/Q|State_reg[3]/D  
-----+-------+------+-------+------+-----+-----+------+--------------+----------------
Report End Points: 
-----+-----+--------------+-------+------+-----+-----+-----+-----------+----------------
     |Group|Launch        |Capture|Shift |Delay|Depth|Slack|Begin Point|End Point       
-----+-----+--------------+-------+------+-----+-----+-----+-----------+----------------
1    |I2R  |rtDefaultClock|sysclk |1500.0|251.7|    4|517.6|ST[2]      |display_reg[2]/D
2    |I2R  |rtDefaultClock|sysclk |1500.0|251.7|    4|517.6|ST[2]      |display_reg[0]/D
3    |I2R  |rtDefaultClock|sysclk |1500.0|225.0|    4|533.7|ST[0]      |display_reg[1]/D
-----+-----+--------------+-------+------+-----+-----+-----+-----------+----------------
Report End Points: 
-----+-----+------+-------+-----+-----+-----+-----+-----------+---------
     |Group|Launch|Capture|Shift|Delay|Depth|Slack|Begin Point|End Point
-----+-----+------+-------+-----+-----+-----+-----+-----------+---------
1    |I2O  |      |       |     |     |     |     |           |         
-----+-----+------+-------+-----+-----+-----+-----+-----------+---------
Report End Points: 
-----+-----+------+-------+------+-----+-----+-----+------------+---------
     |Group|Launch|Capture|Shift |Delay|Depth|Slack|Begin Point |End Point
-----+-----+------+-------+------+-----+-----+-----+------------+---------
1    |R2O  |sysclk|vsysclk|1500.0|  0.4|    0|935.3|out_reg[4]/Q|rdoor    
2    |R2O  |sysclk|vsysclk|1500.0|  0.4|    0|935.4|out_reg[5]/Q|fdoor    
3    |R2O  |sysclk|vsysclk|1500.0|  0.4|    0|935.4|out_reg[2]/Q|winbuzz  
-----+-----+------+-------+------+-----+-----+-----+------------+---------
