warning: No library characterized for (process = 1.00 voltage = 0.85 temperature = 25.00) can be found in the database for power domain '/PD_TOP'  [NL-174]
Report Power (instances with prefix '*' are included in total) : 
-----+---------------+--------------------+---------------------+-------------------+-----------------
     | Instance      | Internal Power(uw) | Switching Power(uw) | Leakage Power(uw) | Total Power(uw) 
-----+---------------+--------------------+---------------------+-------------------+-----------------
1    |*display_reg[2]|            1.356428|             1.421292|           0.079112|         2.856833
2    |*display_reg[1]|            1.562515|             1.638362|           0.079112|         3.279990
3    |*display_reg[0]|            1.459398|             1.529186|           0.079112|         3.067696
4    |*out_reg[5]    |            0.642533|             0.674881|           0.079112|         1.396526
5    |*out_reg[4]    |            0.714939|             0.751449|           0.079112|         1.545500
6    |*out_reg[3]    |            0.498195|             0.522670|           0.079112|         1.099977
7    |*out_reg[2]    |            0.339191|             0.355610|           0.079112|         0.773913
8    |*out_reg[1]    |            0.575120|             0.603323|           0.079112|         1.257555
9    |*out_reg[0]    |            0.650463|             0.682830|           0.079112|         1.412406
10   |*State_reg[3]  |            2.120022|             5.770236|           0.079112|         7.969371
11   |*State_reg[2]  |            2.044384|             6.063344|           0.079112|         8.186840
12   |*State_reg[1]  |            2.044501|             6.951147|           0.079112|         9.074760
13   |*State_reg[0]  |            2.044163|             4.383632|           0.079112|         6.506907
14   |*i_0_0_0       |            1.338442|             5.016623|           0.061230|         6.416295
15   |*i_0_0_1       |            1.117229|             4.387444|           0.061230|         5.565903
16   |*i_0_0_2       |            0.445302|             0.336739|           0.021200|         0.803240
17   |*i_0_0_3       |            0.269597|             0.209722|           0.021200|         0.500519
18   |*i_0_0_4       |            0.212511|             0.162594|           0.021200|         0.396304
19   |*i_0_0_5       |            0.798689|             0.303081|           0.041741|         1.143512
20   |*i_0_0_6       |            0.641976|             3.604043|           0.022619|         4.268639
21   |*i_0_0_7       |            0.406539|             0.160341|           0.024415|         0.591295
22   |*i_0_0_8       |            0.196655|             0.182526|           0.025066|         0.404247
23   |*i_0_0_9       |            0.410118|             0.223940|           0.043178|         0.677236
24   |*i_0_0_10      |            0.374232|             0.149857|           0.024415|         0.548504
25   |*i_0_0_11      |            0.057888|             0.134436|           0.014353|         0.206677
26   |*i_0_0_12      |            0.103901|             0.755340|           0.022039|         0.881280
27   |*i_0_0_13      |            0.567537|             0.885329|           0.022619|         1.475485
28   |*i_0_0_14      |            0.844723|             1.540357|           0.022695|         2.407774
29   |*i_0_0_15      |            0.492982|             1.322901|           0.018105|         1.833988
30   |*i_0_0_16      |            0.121693|             0.178349|           0.025066|         0.325109
31   |*i_0_0_17      |            0.158417|             0.136578|           0.034026|         0.329022
32   |*i_0_0_18      |            0.193252|             0.522290|           0.018105|         0.733647
33   |*i_0_0_19      |            0.290366|             0.885656|           0.014353|         1.190375
34   |*i_0_0_20      |            0.932183|             5.447109|           0.036164|         6.415455
35   |*i_0_0_21      |            0.303668|             0.119574|           0.024415|         0.447656
36   |*i_0_0_22      |            0.109239|             0.100871|           0.025066|         0.235176
37   |*i_0_0_23      |            0.172069|             0.125050|           0.034026|         0.331145
38   |*i_0_0_24      |            0.418741|             0.904905|           0.017393|         1.341039
39   |*i_0_0_25      |            0.044417|             0.093210|           0.018127|         0.155754
40   |*i_0_0_26      |            0.090703|             0.175372|           0.032601|         0.298676
41   |*i_0_0_27      |            1.103387|             0.951933|           0.026481|         2.081801
42   |*i_0_0_28      |            0.704206|             0.396736|           0.024415|         1.125357
43   |*i_0_0_29      |            0.092419|             0.198864|           0.032601|         0.323884
44   |*i_0_0_30      |            0.195354|             1.663878|           0.017393|         1.876626
45   |*i_0_0_31      |            0.596786|             1.810558|           0.022619|         2.429964
46   |*i_0_0_32      |            0.222644|             1.832890|           0.017393|         2.072927
47   |*i_0_0_33      |            0.443372|             1.811803|           0.021200|         2.276373
48   |*i_0_0_34      |            0.495383|             0.549449|           0.032601|         1.077434
49   |*i_0_0_35      |            0.726402|             0.609237|           0.026481|         1.362120
50   |*i_0_0_36      |            0.697208|             0.754494|           0.014353|         1.466055
51   |*i_0_0_37      |            0.016072|             0.032180|           0.014353|         0.062605
52   |*i_0_0_38      |            0.826495|             0.894405|           0.014353|         1.735252
53   |*i_0_0_39      |            1.028024|             1.472222|           0.014353|         2.514599
54   |*i_0_0_40      |            0.227495|             1.432950|           0.014353|         1.674799
55   |*i_0_0_41      |            0.227522|             1.216987|           0.014353|         1.458863
56   |*i_0_0_42      |            0.235515|             3.373861|           0.014353|         3.623729
57   |*i_0_0_43      |            0.499730|             8.184460|           0.014353|         8.698543
58   |               |                    |                     |                   |                 
59   |*TOTAL         |           35.502941|            86.599121|           2.111117|       124.213181
-----+---------------+--------------------+---------------------+-------------------+-----------------
