warning: No library characterized for (process = 1.00 voltage = 0.85 temperature = 25.00) can be found in the database for power domain '/PD_TOP'  [NL-174]
Report Power (instances with prefix '*' are included in total) : 
-----+---------------+--------------------+---------------------+-------------------+-----------------
     | Instance      | Internal Power(uw) | Switching Power(uw) | Leakage Power(uw) | Total Power(uw) 
-----+---------------+--------------------+---------------------+-------------------+-----------------
1    |*display_reg[2]|            1.602759|             2.221764|           0.079112|         3.903634
2    |*display_reg[1]|            1.828574|             2.355562|           0.079112|         4.263248
3    |*display_reg[0]|            1.701748|             2.341279|           0.079112|         4.122138
4    |*out_reg[5]    |            1.045196|             1.469963|           0.079112|         2.594271
5    |*out_reg[4]    |            1.089311|             1.530518|           0.079112|         2.698941
6    |*out_reg[3]    |            1.149793|             1.608111|           0.079112|         2.837015
7    |*out_reg[2]    |            1.042364|             1.447264|           0.079112|         2.568740
8    |*out_reg[1]    |            0.983769|             1.367593|           0.079112|         2.430474
9    |*out_reg[0]    |            1.017860|             1.414243|           0.079112|         2.511215
10   |*State_reg[2]  |            1.754916|             2.880359|           0.079112|         4.714387
11   |*State_reg[1]  |            1.533849|             8.809340|           0.079112|        10.422300
12   |*State_reg[0]  |            1.550941|             4.984124|           0.079112|         6.614176
13   |*i_0_0_0       |            0.324932|             0.213097|           0.022619|         0.560648
14   |*i_0_0_1       |            0.110062|             0.146656|           0.022039|         0.278757
15   |*i_0_0_2       |            0.405313|             0.245257|           0.022619|         0.673189
16   |*i_0_0_3       |            0.231778|             0.195679|           0.014353|         0.441810
17   |*i_0_0_4       |            0.309752|             2.845516|           0.027858|         3.183127
18   |*i_0_0_5       |            0.796884|             0.074299|           0.014353|         0.885537
19   |*i_0_0_6       |            0.519546|             1.083127|           0.032612|         1.635285
20   |*i_0_0_7       |            0.728141|             0.067890|           0.014353|         0.810384
21   |*i_0_0_8       |            0.478861|             0.989690|           0.032612|         1.501164
22   |*i_0_0_9       |            0.541460|             0.452488|           0.022619|         1.016567
23   |*i_0_0_18      |            0.292652|             0.101013|           0.022619|         0.416285
24   |*i_0_0_19      |            0.183567|             0.195012|           0.032612|         0.411191
25   |*i_0_0_20      |            0.497984|             0.676929|           0.022619|         1.197533
26   |*i_0_0_22      |            0.376602|             0.141919|           0.017393|         0.535914
27   |*i_0_0_23      |            0.371111|             0.102981|           0.032612|         0.506704
28   |*i_0_0_24      |            0.416148|             0.151785|           0.026832|         0.594765
29   |*i_0_0_25      |            0.386972|             0.585765|           0.017393|         0.990130
30   |*i_0_0_26      |            0.869688|             0.332338|           0.026832|         1.228857
31   |*i_0_0_27      |            0.196222|             0.289456|           0.018105|         0.503783
32   |*i_0_0_28      |            0.937799|             0.247010|           0.022039|         1.206848
33   |*i_0_0_29      |            0.546643|             0.385677|           0.034566|         0.966885
34   |*i_0_0_30      |            0.576382|             0.154147|           0.026832|         0.757361
35   |*i_0_0_31      |            1.346931|             0.690209|           0.021200|         2.058340
36   |*i_0_0_32      |            0.071790|             0.142991|           0.017393|         0.232174
37   |*i_0_0_33      |            0.216236|             0.234770|           0.022619|         0.473625
38   |*i_0_0_34      |            1.500355|             0.503682|           0.022619|         2.026657
39   |*i_0_0_36      |            1.689757|             0.657120|           0.022619|         2.369497
40   |*i_0_0_37      |            1.016966|             0.261411|           0.022039|         1.300416
41   |*i_0_0_38      |            1.055544|             0.478696|           0.041741|         1.575981
42   |*i_0_0_40      |            0.924271|             1.309515|           0.021200|         2.254986
43   |*i_0_0_41      |            0.115438|             0.187883|           0.022619|         0.325940
44   |*i_0_0_42      |            0.141288|             0.226119|           0.022619|         0.390026
45   |*i_0_0_43      |            0.142234|             0.194965|           0.026832|         0.364031
46   |*i_0_0_44      |            1.269171|             0.374632|           0.022619|         1.666423
47   |*i_0_0_52      |            0.051992|             0.292819|           0.017393|         0.362205
48   |*i_0_0_53      |            0.181257|             0.713670|           0.017393|         0.912320
49   |*i_0_0_54      |            0.196426|             1.122593|           0.014353|         1.333372
50   |*i_0_0_56      |            0.388182|             2.077433|           0.021200|         2.486814
51   |*i_0_0_59      |            1.527963|             0.422290|           0.022619|         1.972872
52   |*i_0_0_60      |            0.716176|             2.055208|           0.025066|         2.796449
53   |*i_0_0_61      |            1.715541|             3.319176|           0.017393|         5.052111
54   |*i_0_0_62      |            2.937692|             9.085599|           0.021200|        12.044491
55   |*i_0_0_63      |            0.231138|             1.381702|           0.014353|         1.627194
56   |*i_0_0_64      |            0.331253|             5.890528|           0.021200|         6.242980
57   |*i_0_0_65      |            1.207102|             2.079915|           0.021200|         3.308217
58   |*i_0_0_76      |            0.859433|             4.123170|           0.014353|         4.996956
59   |*i_0_0_77      |            9.171020|             4.272645|           0.014353|        13.458018
60   |*i_0_0_78      |            9.615152|             1.457717|           0.014353|        11.087222
61   |*i_0_0_80      |            0.172556|             1.285623|           0.014353|         1.472532
62   |*i_0_0_81      |            0.170556|             1.602704|           0.014353|         1.787613
63   |*i_0_0_82      |            0.231137|             0.000000|           0.014353|         0.245491
64   |*i_0_0_10      |            0.818791|             0.080291|           0.014353|         0.913435
65   |*i_0_0_11      |            0.624507|             1.167570|           0.027858|         1.819935
66   |*i_0_0_12      |            0.561303|             0.278829|           0.017393|         0.857525
67   |*i_0_0_13      |            0.114047|             0.033195|           0.018127|         0.165369
68   |*i_0_0_14      |            0.162667|             0.248989|           0.018105|         0.429761
69   |*i_0_0_15      |            0.025507|             0.071204|           0.014353|         0.111064
70   |*i_0_0_16      |            0.038677|             0.408998|           0.017393|         0.465068
71   |*i_0_0_17      |            0.362112|             0.116932|           0.022619|         0.501664
72   |*i_0_0_21      |            0.403936|             0.160077|           0.027858|         0.591871
73   |*i_0_0_35      |            0.162411|             0.148561|           0.026832|         0.337803
74   |*i_0_0_39      |            0.354879|             1.062559|           0.014353|         1.431791
75   |*i_0_0_45      |            2.419096|             8.051562|           0.021200|        10.491858
76   |*i_0_0_46      |            1.190848|             0.521540|           0.027858|         1.740247
77   |*i_0_0_47      |            0.134441|             0.155115|           0.022695|         0.312251
78   |*i_0_0_48      |            0.467917|             0.179741|           0.014353|         0.662011
79   |*i_0_0_49      |            0.355477|             1.219847|           0.017393|         1.592718
80   |*i_0_0_50      |            1.267511|             0.923748|           0.027858|         2.219118
81   |*i_0_0_51      |            0.782917|             2.517422|           0.017393|         3.317732
82   |*i_0_0_55      |            0.417561|             0.183225|           0.017393|         0.618180
83   |*i_0_0_57      |            0.072367|             0.122684|           0.017393|         0.212445
84   |*i_0_0_58      |            0.081791|             1.587957|           0.021200|         1.690947
85   |*i_0_0_66      |            0.809489|             0.404765|           0.017393|         1.231648
86   |*i_0_0_67      |            2.458323|             0.698744|           0.032612|         3.189679
87   |*i_0_0_68      |            1.676424|             3.272751|           0.014353|         4.963528
88   |*i_0_0_69      |            1.653902|             4.920027|           0.021200|         6.595129
89   |*i_0_0_70      |            0.289411|             6.215140|           0.017393|         6.521945
90   |*i_0_0_71      |            2.683284|             5.022593|           0.021200|         7.727077
91   |*i_0_0_72      |            0.931445|             2.880016|           0.014353|         3.825814
92   |*i_0_0_73      |            0.327719|             0.643574|           0.017393|         0.988687
93   |*i_0_0_74      |            1.050898|             1.108889|           0.017393|         2.177181
94   |*i_0_0_75      |            2.508486|             1.409700|           0.014353|         3.932539
95   |*i_0_0_79      |            1.848861|             3.887078|           0.022619|         5.758558
96   |*i_0_0_83      |            1.270812|             1.329437|           0.017393|         2.617642
97   |*i_0_0_84      |            2.674232|             0.987390|           0.014353|         3.675976
98   |*i_0_0_85      |            0.169764|             0.489420|           0.014353|         0.673538
99   |*i_0_0_86      |            0.294545|             0.864260|           0.022619|         1.181424
100  |*i_0_0_87      |            4.215403|             6.574096|           0.027858|        10.817356
101  |*i_0_0_88      |            2.886256|             1.098601|           0.014353|         3.999210
102  |*i_0_0_89      |            3.241860|             5.903510|           0.017393|         9.162763
103  |*i_0_0_90      |            1.625170|             0.629289|           0.018105|         2.272564
104  |*i_0_0_91      |            9.604101|             1.527755|           0.014353|        11.146209
105  |*i_0_0_92      |            9.610570|             1.486756|           0.014353|        11.111679
106  |*i_0_0_93      |            3.830606|             7.220967|           0.027858|        11.079432
107  |*i_0_0_94      |            1.762447|             0.618275|           0.014353|         2.395075
108  |*i_0_0_95      |            1.673482|             3.453264|           0.018105|         5.144851
109  |*i_0_0_96      |            9.383327|             2.927034|           0.014353|        12.324714
110  |*i_0_0_97      |            9.610570|             1.486756|           0.014353|        11.111679
111  |*i_0_0_98      |            9.627129|             1.381805|           0.014353|        11.023287
112  |*i_0_0_99      |            2.383888|             0.651865|           0.018105|         3.053859
113  |*i_0_0_100     |            1.035796|             1.370355|           0.014353|         2.420503
114  |               |                    |                     |                   |                 
115  |*TOTAL         |          167.551132|           178.256821|           3.006666|       348.814606
-----+---------------+--------------------+---------------------+-------------------+-----------------
