Report for group default
------------------------------------------------------------------------------------------------------------------------------------------------------------
Startpoint: State_reg[2]/Q
    (Clocked by sysclk R)
Endpoint: out_reg[5]/D
    (Clocked by sysclk R)
Path Group: default
Data required time: 1469.6
    (Clock shift: 1500.0, minus Uncertainty: 0.0, plus Latency 0.0, minus Setup time: 30.4)
Data arrival time: 425.3
Slack: 1044.3
Logic depth: 7
------------------------------------------------------------------------------------------------------------------------------------------------------------
                                                     Arrival               Arc      Net               Net    Total   fan-                                   
Path                     Module/Cell           Edge     Time    Delay    Delay    Delay     Slew     Load     Load    out     Location Power Domain      (V)
                                                        (ps)     (ps)     (ps)     (ps)     (ps)     (ff)     (ff)    (#)      (um,um)                      
------------------------------------------------------------------------------------------------------------------------------------------------------------
Clk                      {create_clock}           r      0.0      0.0      0.0                        0.0      0.0      1    38,   76                       
clk_gate_display_reg/CK->GCK
                         CLKGATETST_X1           rr      0.0      0.0      0.0      0.0      0.0      0.0      0.0     12    37,   38  /PD_TOP        (1.10)
State_reg[2]/CK->Q       DFF_X1*                 rf    115.7    115.7    115.7      0.0      0.0      1.3     31.0      2    37,   38  /PD_TOP        (1.10)
i_0_0_59/A1->ZN          NOR2_X4*                fr    178.3     62.6     62.6      0.0     15.3      2.9     40.3      4    37,   38  /PD_TOP        (1.10)
i_0_0_58/A->ZN           INV_X8                  rf    190.3     12.0     11.9      0.1     15.3      3.3     22.4      5    37,   38  /PD_TOP        (1.10)
i_0_0_24/B->ZN           AOI211_X2               fr    280.5     90.2     90.1      0.1      5.5      1.5      9.6      2    37,   38  /PD_TOP        (1.10)
i_0_0_23/B2->ZN          OAI21_X4                rf    325.2     44.7     44.7      0.0     62.3      0.6     26.1      1    37,   38  /PD_TOP        (1.10)
i_0_0_22/A->ZN           INV_X8                  fr    340.6     15.4     15.4      0.0     18.8      1.4      8.2      2    37,   38  /PD_TOP        (1.10)
i_0_0_10/A->ZN           OAI221_X4               rf    415.5     74.9     74.9      0.0      6.3      0.8     26.2      1    37,   38  /PD_TOP        (1.10)
i_0_0_9/A->ZN            INV_X8                  fr    425.3      9.8      9.8      0.0     10.7      0.7      1.8      1    37,   38  /PD_TOP        (1.10)
out_reg[5]/D             DFF_X1                   r    425.3      0.0               0.0      4.7                             37,   38  /PD_TOP        (1.10)
------------------------------------------------------------------------------------------------------------------------------------------------------------
Report for group I2R
------------------------------------------------------------------------------------------------------------------------------------------------------------
Startpoint: ST[4]
    (Clocked by rtDefaultClock R)
Endpoint: out_reg[2]/D
    (Clocked by sysclk R)
Path Group: I2R
Data required time: 1469.6
    (Clock shift: 1500.0, minus Uncertainty: 0.0, plus Latency 0.0, minus Setup time: 30.4)
Data arrival time: 1071.9
Slack: 397.7
Logic depth: 8
------------------------------------------------------------------------------------------------------------------------------------------------------------
                                                     Arrival               Arc      Net               Net    Total   fan-                                   
Path                     Module/Cell           Edge     Time    Delay    Delay    Delay     Slew     Load     Load    out     Location Power Domain      (V)
                                                        (ps)     (ps)     (ps)     (ps)     (ps)     (ff)     (ff)    (#)      (um,um)                      
------------------------------------------------------------------------------------------------------------------------------------------------------------
ST[4]                    {set_input_delay}        f    700.0    700.0    700.0                        5.5      9.8      2     0,   38                       
i_0_0_42/A2->ZN          OR3_X4                  ff    801.5    101.1    101.1      0.0    100.0      0.7      4.8      1    37,   38  /PD_TOP        (1.10)
i_0_0_41/B2->ZN          OAI21_X4*               fr    871.4     69.9     69.9      0.0     12.0      2.9     40.3      4    37,   38  /PD_TOP        (1.10)
i_0_0_40/A->ZN           INV_X8                  rf    880.0      8.6      8.5      0.1     15.3      1.4      9.4      2    37,   38  /PD_TOP        (1.10)
i_0_0_39/A2->ZN          NOR2_X4                 fr    916.3     36.3     36.3      0.0      4.0      2.2     12.4      3    37,   38  /PD_TOP        (1.10)
i_0_0_6/A2->ZN           NAND2_X4                rf    936.3     20.0     20.0      0.0     24.8      1.5      9.3      2    37,   38  /PD_TOP        (1.10)
i_0_0_4/A4->ZN           NOR4_X4                 fr   1018.8     82.5     82.5      0.0      8.9      0.8      4.8      1    37,   38  /PD_TOP        (1.10)
i_0_0_3/B2->ZN           OAI21_X4                rf   1059.5     40.7     40.7      0.0     44.0      0.6     26.1      1    37,   38  /PD_TOP        (1.10)
i_0_0_2/A->ZN            INV_X8                  fr   1071.9     12.4     12.4      0.0     18.8      0.7      1.8      1    37,   38  /PD_TOP        (1.10)
out_reg[2]/D             DFF_X1                   r   1071.9      0.4               0.4      4.7                             37,   38  /PD_TOP        (1.10)
------------------------------------------------------------------------------------------------------------------------------------------------------------
Report for group I2O
Report for group R2O
------------------------------------------------------------------------------------------------------------------------------------------------------------
Startpoint: out_reg[1]/Q
    (Clocked by sysclk R)
Endpoint: heater
    (Clocked by vsysclk R)
Path Group: R2O
Data required time: 1050.0
    (Clock shift: 1500.0, minus Uncertainty: 0.0, plus Latency 0.0, minus Out delay: 450.0)
Data arrival time: 115.2
Slack: 934.8
Logic depth: 0
------------------------------------------------------------------------------------------------------------------------------------------------------------
                                                     Arrival               Arc      Net               Net    Total   fan-                                   
Path                     Module/Cell           Edge     Time    Delay    Delay    Delay     Slew     Load     Load    out     Location Power Domain      (V)
                                                        (ps)     (ps)     (ps)     (ps)     (ps)     (ff)     (ff)    (#)      (um,um)                      
------------------------------------------------------------------------------------------------------------------------------------------------------------
Clk                      {create_clock}           r      0.0      0.0      0.0                        0.0      0.0      1    38,   76                       
clk_gate_display_reg/CK->GCK
                         CLKGATETST_X1           rr      0.0      0.0      0.0      0.0      0.0      0.0      0.0     12    37,   38  /PD_TOP        (1.10)
out_reg[1]/CK->Q         DFF_X1                  rr    114.8    114.8    114.8      0.0      0.0      5.0     15.0      1    37,   38  /PD_TOP        (1.10)
heater                                            r    115.2      0.4               0.4     37.1                             76,   38                       
------------------------------------------------------------------------------------------------------------------------------------------------------------
