Report Physical info: 
------------------------+-------------+-----------+------------
                        |             |Area (squm)|Leakage (uW)
------------------------+-------------+-----------+------------
Design Name             |integ        |           |            
  Total Instances       |          129|        162|       3.315
    Macros              |            0|          0|       0.000
    Pads                |            0|          0|       0.000
    Phys                |            0|          0|       0.000
    Blackboxes          |            0|          0|       0.000
    Cells               |          129|        162|       3.315
      Buffers           |            0|          0|       0.000
      Inverters         |           44|         23|       0.632
      Clock-Gates       |            0|          0|       0.000
      Combinational     |           72|         80|       1.655
      Latches           |            0|          0|       0.000
      FlipFlops         |           13|         59|       1.028
       Single-Bit FF    |           13|         59|       1.028
       Multi-Bit FF     |            0|          0|       0.000
       Clock-Gated      |            0|           |            
       Bits             |           13|         59|       1.028
         Load-Enabled   |            0|           |            
         Clock-Gated    |            0|           |            
  Tristate Pin Count    |            0|           |            
Physical Info           |Placed       |           |            
  Chip Size (mm x mm)   |0.076 x 0.076|       5842|            
  Fixed Cell Area       |             |          0|            
    Phys Only           |            0|          0|            
  Placeable Area        |             |        252|            
  Movable Cell Area     |             |        162|            
  Utilization (%)       |           64|           |            
  Chip Utilization (%)  |           64|           |            
  Total Wire Length (mm)|        0.845|           |            
  Longest Wire (mm)     |        0.039|           |            
  Average Wire (mm)     |        0.038|           |            
------------------------+-------------+-----------+------------
