warning: No library characterized for (process = 1.00 voltage = 0.85 temperature = 25.00) can be found in the database for power domain '/PD_TOP'  [NL-174]
Report Power (instances with prefix '*' are included in total) : 
-----+---------------+--------------------+---------------------+-------------------+-----------------
     | Instance      | Internal Power(uw) | Switching Power(uw) | Leakage Power(uw) | Total Power(uw) 
-----+---------------+--------------------+---------------------+-------------------+-----------------
1    |*display_reg[2]|            2.167321|             2.295109|           0.079112|         4.541543
2    |*display_reg[1]|            2.316711|             2.453099|           0.079112|         4.848923
3    |*display_reg[0]|            2.060424|             2.183211|           0.079112|         4.322748
4    |*out_reg[5]    |            1.044252|             1.109120|           0.079112|         2.232484
5    |*out_reg[4]    |            1.030298|             1.094623|           0.079112|         2.204032
6    |*out_reg[3]    |            0.886559|             0.941909|           0.079112|         1.907580
7    |*out_reg[2]    |            0.894354|             0.949546|           0.079112|         1.923011
8    |*out_reg[1]    |            0.354241|             0.375766|           0.079112|         0.809120
9    |*out_reg[0]    |            0.401960|             0.426765|           0.079112|         0.907837
10   |*State_reg[3]  |            2.120026|             5.800629|           0.079112|         7.999767
11   |*State_reg[2]  |            2.044492|             6.878209|           0.079112|         9.001812
12   |*State_reg[1]  |            2.044341|             5.730345|           0.079112|         7.853798
13   |*State_reg[0]  |            2.044537|             7.219379|           0.079112|         9.343028
14   |*i_0_0_0       |            1.326267|             0.679288|           0.061230|         2.066786
15   |*i_0_0_1       |            1.114165|             0.728592|           0.061230|         1.903987
16   |*i_0_0_2       |            0.425878|             0.336739|           0.021200|         0.783817
17   |*i_0_0_3       |            0.466488|             0.204788|           0.025066|         0.696342
18   |*i_0_0_4       |            0.361679|             0.158470|           0.025066|         0.545216
19   |*i_0_0_5       |            0.545638|             0.208714|           0.041741|         0.796093
20   |*i_0_0_6       |            0.315828|             1.144227|           0.014353|         1.474408
21   |*i_0_0_7       |            0.402715|             6.903829|           0.017393|         7.323937
22   |*i_0_0_8       |            0.077928|             0.035021|           0.025066|         0.138014
23   |*i_0_0_9       |            0.062000|             0.038670|           0.034566|         0.135235
24   |*i_0_0_10      |            0.198579|             0.176107|           0.014353|         0.389039
25   |*i_0_0_11      |            0.290363|             2.560898|           0.022619|         2.873880
26   |*i_0_0_12      |            0.126025|             0.224806|           0.027858|         0.378690
27   |*i_0_0_13      |            0.114487|             0.108909|           0.024415|         0.247811
28   |*i_0_0_14      |            0.316642|             0.267326|           0.014353|         0.598321
29   |*i_0_0_15      |            0.425793|             3.887386|           0.027858|         4.341038
30   |*i_0_0_16      |            0.813175|             1.063097|           0.022039|         1.898311
31   |*i_0_0_17      |            0.314073|             0.699261|           0.014353|         1.027687
32   |*i_0_0_18      |            0.613535|             3.915309|           0.032612|         4.561457
33   |*i_0_0_19      |            1.147577|             1.221801|           0.033938|         2.403316
34   |*i_0_0_20      |            0.136723|             0.233703|           0.027858|         0.398284
35   |*i_0_0_21      |            0.563770|             0.927679|           0.018105|         1.509554
36   |*i_0_0_22      |            0.226775|             0.605741|           0.027858|         0.860374
37   |*i_0_0_23      |            0.737349|             0.301276|           0.024415|         1.063040
38   |*i_0_0_24      |            0.175364|             0.449288|           0.021200|         0.645851
39   |*i_0_0_25      |            0.435699|             1.221714|           0.027858|         1.685271
40   |*i_0_0_26      |            0.195196|             0.346499|           0.027858|         0.569554
41   |*i_0_0_27      |            0.012669|             0.015242|           0.018127|         0.046038
42   |*i_0_0_28      |            0.236981|             0.268648|           0.041741|         0.547370
43   |*i_0_0_29      |            0.371838|             0.975459|           0.027858|         1.375156
44   |*i_0_0_30      |            0.158578|             1.461295|           0.014353|         1.634226
45   |*i_0_0_31      |            0.288330|             3.111124|           0.027858|         3.427312
46   |*i_0_0_32      |            0.320659|             0.270718|           0.014353|         0.605731
47   |*i_0_0_33      |            0.448249|             3.936711|           0.027858|         4.412818
48   |*i_0_0_34      |            0.309577|             1.055745|           0.017393|         1.382715
49   |*i_0_0_35      |            0.230939|             0.547770|           0.027858|         0.806568
50   |*i_0_0_36      |            0.008627|             0.011451|           0.018127|         0.038205
51   |*i_0_0_37      |            0.079904|             0.467678|           0.014353|         0.561935
52   |*i_0_0_38      |            0.198607|             1.733287|           0.018127|         1.950021
53   |*i_0_0_39      |            0.382885|             2.328013|           0.021200|         2.732097
54   |*i_0_0_40      |            0.612925|             2.514030|           0.017393|         3.144348
55   |*i_0_0_41      |            0.580616|             2.527671|           0.017393|         3.125681
56   |*i_0_0_42      |            0.644437|             4.937069|           0.017393|         5.598900
57   |*i_0_0_43      |            0.800447|             0.951313|           0.018105|         1.769864
58   |*i_0_0_44      |            0.704714|             0.679007|           0.024415|         1.408136
59   |*i_0_0_45      |            0.469214|             5.688364|           0.014353|         6.171930
60   |*i_0_0_46      |            1.084002|             9.250976|           0.027858|        10.362836
61   |*i_0_0_47      |            0.501429|             0.652065|           0.026832|         1.180326
62   |*i_0_0_48      |            0.550743|             0.629289|           0.018105|         1.198137
63   |*i_0_0_49      |            0.439862|             1.797003|           0.027858|         2.264724
64   |*i_0_0_50      |            0.605375|             0.787701|           0.027858|         1.420934
65   |*i_0_0_51      |            0.338075|             1.387970|           0.017393|         1.743438
66   |*i_0_0_52      |            0.168042|             0.486794|           0.014353|         0.669189
67   |*i_0_0_53      |            0.302822|             3.292641|           0.027858|         3.623322
68   |*i_0_0_54      |            0.105800|             0.366926|           0.027858|         0.500585
69   |*i_0_0_55      |            0.050097|             0.052391|           0.024415|         0.126903
70   |*i_0_0_56      |            0.395106|             0.978399|           0.022619|         1.396124
71   |*i_0_0_57      |            0.103846|             0.983824|           0.014353|         1.102023
72   |*i_0_0_58      |            0.215771|             2.318973|           0.027858|         2.562603
73   |*i_0_0_59      |            0.247340|             0.531184|           0.017393|         0.795917
74   |*i_0_0_60      |            0.074645|             0.161775|           0.022695|         0.259115
75   |*i_0_0_61      |            0.199954|             0.496689|           0.018105|         0.714748
76   |*i_0_0_62      |            0.501586|             2.039875|           0.034566|         2.576026
77   |*i_0_0_63      |            0.717567|             0.666901|           0.022039|         1.406507
78   |*i_0_0_64      |            0.196807|             0.627309|           0.018105|         0.842221
79   |*i_0_0_65      |            0.408447|             1.052837|           0.027858|         1.489142
80   |*i_0_0_66      |            0.564669|             1.082873|           0.026481|         1.674024
81   |*i_0_0_67      |            0.728837|             0.580899|           0.034026|         1.343762
82   |*i_0_0_68      |            0.582968|             1.650301|           0.034026|         2.267296
83   |*i_0_0_69      |            0.016072|             0.032180|           0.014353|         0.062605
84   |*i_0_0_70      |            0.941932|             2.698965|           0.014353|         3.655250
85   |*i_0_0_71      |            0.858899|             4.132402|           0.014353|         5.005653
86   |*i_0_0_72      |            0.808265|             5.245085|           0.014353|         6.067703
87   |*i_0_0_73      |            0.741922|             7.032764|           0.014353|         7.789039
88   |*i_0_0_74      |            0.718389|             7.666884|           0.014353|         8.399626
89   |*i_0_0_75      |            0.227407|             2.143910|           0.014353|         2.385671
90   |*i_0_0_76      |            0.227087|             3.321438|           0.014353|         3.562878
91   |*i_0_0_77      |            0.227503|             1.369737|           0.014353|         1.611593
92   |*i_0_0_78      |            0.235303|             4.134295|           0.014353|         4.383952
93   |*i_0_0_79      |            0.485926|             4.964245|           0.014353|         5.464524
94   |               |                    |                     |                   |                 
95   |*TOTAL         |           52.771923|           174.204941|           2.881584|       229.858444
-----+---------------+--------------------+---------------------+-------------------+-----------------
