warning: No library characterized for (process = 1.00 voltage = 0.85 temperature = 25.00) can be found in the database for power domain '/PD_TOP'  [NL-174]
Report Power (instances with prefix '*' are included in total) : 
-----+---------------------+--------------------+---------------------+-------------------+-----------------
     | Instance            | Internal Power(uw) | Switching Power(uw) | Leakage Power(uw) | Total Power(uw) 
-----+---------------------+--------------------+---------------------+-------------------+-----------------
1    |*display_reg[2]      |            0.119279|             0.124111|           0.079112|         0.322502
2    |*display_reg[1]      |            2.831355|             2.947846|           0.079112|         5.858314
3    |*display_reg[0]      |            2.831311|             2.943968|           0.079112|         5.854391
4    |*out_reg[5]          |            0.588080|             0.612965|           0.079112|         1.280157
5    |*out_reg[4]          |            0.171519|             0.178885|           0.079112|         0.429517
6    |*out_reg[3]          |            0.344382|             0.359359|           0.079112|         0.782853
7    |*out_reg[2]          |            0.088178|             0.092013|           0.079112|         0.259304
8    |*out_reg[1]          |            0.015101|             0.015747|           0.079112|         0.109960
9    |*out_reg[0]          |            0.017212|             0.017948|           0.079112|         0.114273
10   |*State_reg[2]        |            0.175141|             0.301720|           0.079112|         0.555974
11   |*State_reg[1]        |            1.346454|             1.027794|           0.079112|         2.453360
12   |*State_reg[0]        |            1.244668|             1.358831|           0.079112|         2.682612
13   |*i_0_0_0             |            0.407421|             1.075530|           0.021200|         1.504151
14   |*i_0_0_1             |            0.033273|             0.064302|           0.026481|         0.124056
15   |*i_0_0_2             |            0.617268|             1.091025|           0.026832|         1.735125
16   |*i_0_0_3             |            0.335126|             4.995475|           0.021200|         5.351800
17   |*i_0_0_4             |            0.234715|             1.110965|           0.014353|         1.360033
18   |*i_0_0_5             |            0.349846|             0.153572|           0.025066|         0.528484
19   |*i_0_0_6             |            0.496761|             2.990985|           0.014353|         3.502100
20   |*i_0_0_7             |            0.004342|             0.002493|           0.018105|         0.024939
21   |*i_0_0_8             |            0.530426|             0.907809|           0.026832|         1.465067
22   |*i_0_0_9             |            0.704191|             0.358240|           0.024415|         1.086846
23   |*i_0_0_10            |            1.112299|             1.006695|           0.026481|         2.145476
24   |*i_0_0_11            |            0.013532|             0.037448|           0.018105|         0.069085
25   |*i_0_0_12            |            0.005585|             0.014183|           0.026832|         0.046599
26   |*i_0_0_13            |            0.120216|             0.178174|           0.026481|         0.324872
27   |*i_0_0_14            |            0.610272|             0.580041|           0.026481|         1.216795
28   |*i_0_0_15            |            0.662401|             0.251458|           0.024415|         0.938274
29   |*i_0_0_16            |            1.080399|             0.927756|           0.014353|         2.022508
30   |*i_0_0_17            |            0.509867|             0.422040|           0.026832|         0.958739
31   |*i_0_0_18            |            0.561596|             0.442590|           0.018105|         1.022291
32   |*i_0_0_19            |            0.006302|             0.016309|           0.034566|         0.057177
33   |*i_0_0_20            |            0.119333|             0.112948|           0.026481|         0.258763
34   |*i_0_0_21            |            0.162132|             0.066550|           0.024415|         0.253097
35   |*i_0_0_22            |            0.017887|             0.016008|           0.025066|         0.058961
36   |*i_0_0_23            |            0.034971|             0.013710|           0.024415|         0.073096
37   |*clk_gate_display_reg|            1.355973|             0.000000|           0.059138|         1.415111
38   |                     |                    |                     |                   |                 
39   |*TOTAL               |           19.858812|            26.817493|           1.570349|        48.246651
-----+---------------------+--------------------+---------------------+-------------------+-----------------
